<?xml version="1.0" encoding="UTF-8"?>
<!-- Generated by org.testng.reporters.JUnitReportReporter -->
<testsuite hostname="DESKTOP-QMCSQFA" failures="0" tests="1" name="com.assignment.automation.filter.Filter" time="24.534" errors="0" timestamp="2023-11-24T04:48:11 IST" skipped="0">
  <testcase classname="com.assignment.automation.filter.Filter" name="filterCriteria" time="24.534"/>
</testsuite> <!-- com.assignment.automation.filter.Filter -->
