<?xml version="1.0" encoding="UTF-8"?>
<!-- Generated by org.testng.reporters.JUnitReportReporter -->
<testsuite hostname="DESKTOP-QMCSQFA" failures="0" tests="1" name="com.assignment.automation.filter.FilterHandlingTest" time="33.297" errors="0" timestamp="2023-11-24T06:42:02 IST" skipped="0">
  <testcase classname="com.assignment.automation.filter.FilterHandlingTest" name="filterCriteria" time="33.297"/>
</testsuite> <!-- com.assignment.automation.filter.FilterHandlingTest -->
